<?xml version="1.0" encoding="UTF-8"?>
<!-- Generated by org.testng.reporters.JUnitReportReporter -->
<testsuite hostname="LAPTOP-PFU2IK8T" failures="0" tests="1" name="prjtest.runners.TestrunnerDashboard$Infynirunner" time="0.114" errors="1" timestamp="2024-01-10T11:05:11 EST" skipped="0">
  <testcase classname="prjtest.runners.TestrunnerDashboard$Infynirunner" name="runScenario" time="0.114">
    <error message="Cannot invoke &quot;org.openqa.selenium.WebDriver.quit()&quot; because &quot;prjtest.base.Base.driver&quot; is null" type="java.lang.NullPointerException">
      <![CDATA[java.lang.NullPointerException: Cannot invoke "org.openqa.selenium.WebDriver.quit()" because "prjtest.base.Base.driver" is null
at prjtest.base.Base.closeApp(Base.java:45)
at prjtest.stepdefinations.Teststeps.Closeapp(Teststeps.java:61)
]]>
    </error>
  </testcase> <!-- runScenario -->
</testsuite> <!-- prjtest.runners.TestrunnerDashboard$Infynirunner -->
