<?xml version="1.0" encoding="UTF-8"?>
<!-- Generated by org.testng.reporters.JUnitReportReporter -->
<testsuite hostname="LAPTOP-PFU2IK8T" failures="0" tests="1" name="prjtest.runners.Testrunner$Infynirunner" time="60.545" errors="0" timestamp="2024-01-12T17:31:40 EST" skipped="0">
  <testcase classname="prjtest.runners.Testrunner$Infynirunner" name="runScenario" time="60.545"/>
</testsuite> <!-- prjtest.runners.Testrunner$Infynirunner -->
